{
  "stats": {
    "suites": 1,
    "tests": 2,
    "passes": 2,
    "pending": 0,
    "failures": 0,
    "start": "2026-06-24T11:02:54.797Z",
    "end": "2026-06-24T11:03:11.210Z",
    "duration": 16413,
    "testsRegistered": 2,
    "passPercent": 100,
    "pendingPercent": 0,
    "other": 0,
    "hasOther": false,
    "skipped": 0,
    "hasSkipped": false
  },
  "results": [
    {
      "uuid": "bfadb2ef-36d4-4250-948a-1f394201bd4a",
      "title": "",
      "fullFile": "cypress/e2e/garageFuelPositiveTests.cy.js",
      "file": "cypress/garageFuelPositiveTests.cy.js",
      "beforeHooks": [],
      "afterHooks": [],
      "tests": [],
      "suites": [
        {
          "uuid": "abd4d3a4-c5ed-442b-ae60-7ee1f952c129",
          "title": "LogIn positive tests",
          "fullFile": "",
          "file": "",
          "beforeHooks": [],
          "afterHooks": [],
          "tests": [
            {
              "title": "Car is added",
              "fullTitle": "LogIn positive tests Car is added",
              "timedOut": null,
              "duration": 12048,
              "state": "passed",
              "speed": "slow",
              "pass": true,
              "fail": false,
              "pending": false,
              "context": null,
              "code": "garagePage.addCarButton.click();\ngaragePage.addCarModal.should(\"be.visible\");\ngaragePage.carBrandDropdown.select(`Porsche`);\ngaragePage.carModelDropdown.select(`Cayenne`);\ngaragePage.mileageField.type(\"10\");\ngaragePage.addButton.click();\ncy.get(`[class=\"car_name h2\"]`).contains(`Porsche Cayenne`);",
              "err": {},
              "uuid": "0347ddc9-0c87-4002-a429-59685aa01d8c",
              "parentUUID": "abd4d3a4-c5ed-442b-ae60-7ee1f952c129",
              "isHook": false,
              "skipped": false
            },
            {
              "title": "Fuel expense is added",
              "fullTitle": "LogIn positive tests Fuel expense is added",
              "timedOut": null,
              "duration": 4299,
              "state": "passed",
              "speed": "fast",
              "pass": true,
              "fail": false,
              "pending": false,
              "context": null,
              "code": "// here is a part about adding a car to keep the tests independent\ngaragePage.addCarButton.click();\ngaragePage.addCarModal.should(\"be.visible\");\ngaragePage.carBrandDropdown.select(`Porsche`);\ngaragePage.carModelDropdown.select(`Cayenne`);\ngaragePage.mileageField.type(\"10\");\ngaragePage.addButton.click();\ncy.get(`[class=\"car_name h2\"]`).contains(`Porsche Cayenne`);\n// and here goes fuel check\nfuelExpenses.fuelPageNav.click();\nfuelExpenses.fuelPageNav.click();\ncy.url().should('contain', '/panel/expenses');\nfuelExpenses.carSelectDropdown.click(); //;\nfuelExpenses.carItem.should('contain', `Porsche Cayenne`).last().click();\nfuelExpenses.addExpenseButton.click();\ncy.get(`[id=\"addExpenseMileage\"]`).clear().type(`150`);\nfuelExpenses.numberOfLitersField.type(`100`);\nfuelExpenses.totalCostField.type(`150000`);\nfuelExpenses.addButton.click();\nfuelExpenses.expensesTable.should('contain',  true && '150000');",
              "err": {},
              "uuid": "1e1a7bca-8f0a-4ac4-8de8-679e2f1516ec",
              "parentUUID": "abd4d3a4-c5ed-442b-ae60-7ee1f952c129",
              "isHook": false,
              "skipped": false
            }
          ],
          "suites": [],
          "passes": [
            "0347ddc9-0c87-4002-a429-59685aa01d8c",
            "1e1a7bca-8f0a-4ac4-8de8-679e2f1516ec"
          ],
          "failures": [],
          "pending": [],
          "skipped": [],
          "duration": 16347,
          "root": false,
          "rootEmpty": false,
          "_timeout": 2000
        }
      ],
      "passes": [],
      "failures": [],
      "pending": [],
      "skipped": [],
      "duration": 0,
      "root": true,
      "rootEmpty": true,
      "_timeout": 2000
    }
  ],
  "meta": {
    "mocha": {
      "version": "7.2.0"
    },
    "mochawesome": {
      "options": {
        "quiet": false,
        "reportFilename": "mochawesome",
        "saveHtml": true,
        "saveJson": true,
        "consoleReporter": "spec",
        "useInlineDiffs": false,
        "code": true
      },
      "version": "7.1.4"
    },
    "marge": {
      "options": null,
      "version": "6.3.2"
    }
  }
}